<?xml version="1.0" encoding="UTF-8"?>
<!-- Generated by org.testng.reporters.JUnitReportReporter -->
<testsuite hostname="INBOOK_Y1_PLUS" failures="0" tests="1" name="com.sampleProject.Qa.TestCases.Login" time="7.770" errors="0" timestamp="2023-12-09T11:02:01 IST" skipped="0">
  <testcase classname="com.sampleProject.Qa.TestCases.Login" name="validWithValidCredentials" time="7.770"/>
</testsuite> <!-- com.sampleProject.Qa.TestCases.Login -->
