<?xml version="1.0" encoding="UTF-8"?>
<!-- Generated by org.testng.reporters.JUnitReportReporter -->
<testsuite hostname="INBOOK_Y1_PLUS" failures="0" tests="4" name="com.sampleProject.Qa.TestCases.HandleCheckBox" time="30.189" errors="0" timestamp="2023-12-09T09:12:11 IST" skipped="0">
  <testcase classname="com.sampleProject.Qa.TestCases.HandleCheckBox" name="handleSingleCheckBox" time="6.492"/>
  <testcase classname="com.sampleProject.Qa.TestCases.HandleCheckBox" name="handleMultipleCheckBoxes" time="10.548"/>
  <testcase classname="com.sampleProject.Qa.TestCases.HandleCheckBox" name="handleRandomCheckBoxes" time="8.247"/>
  <testcase classname="com.sampleProject.Qa.TestCases.HandleCheckBox" name="selectTopCheckBoxes" time="4.902"/>
</testsuite> <!-- com.sampleProject.Qa.TestCases.HandleCheckBox -->
