<?xml version="1.0" encoding="UTF-8"?>
<!-- Generated by org.testng.reporters.JUnitReportReporter -->
<testsuite hostname="INBOOK_Y1_PLUS" failures="0" tests="1" name="com.sampleProject.Qa.TestCases.Actions_OPerations" time="11.757" errors="0" timestamp="2023-12-10T11:37:04 IST" skipped="0">
  <testcase classname="com.sampleProject.Qa.TestCases.Actions_OPerations" name="scrollPage" time="11.757"/>
</testsuite> <!-- com.sampleProject.Qa.TestCases.Actions_OPerations -->
