<?xml version="1.0" encoding="UTF-8"?>
<!-- Generated by org.testng.reporters.JUnitReportReporter -->
<testsuite hostname="INBOOK_Y1_PLUS" failures="0" tests="1" name="com.sampleProject.Qa.TestCases.Headlsess_Execution" time="18.128" errors="0" timestamp="2023-12-17T08:56:25 IST" skipped="0">
  <testcase classname="com.sampleProject.Qa.TestCases.Headlsess_Execution" name="testHeadless" time="18.128"/>
</testsuite> <!-- com.sampleProject.Qa.TestCases.Headlsess_Execution -->
