<?xml version="1.0" encoding="UTF-8"?>
<!-- Generated by org.testng.reporters.JUnitReportReporter -->
<testsuite hostname="INBOOK_Y1_PLUS" failures="0" tests="2" name="com.sampleProject.Qa.TestCases.Scrolling_Operations" time="38.704" errors="0" timestamp="2023-12-22T08:30:02 IST" skipped="0">
  <testcase classname="com.sampleProject.Qa.TestCases.Scrolling_Operations" name="javascriptScroll" time="21.334"/>
  <testcase classname="com.sampleProject.Qa.TestCases.Scrolling_Operations" name="actiosScroll" time="17.370"/>
</testsuite> <!-- com.sampleProject.Qa.TestCases.Scrolling_Operations -->
