<?xml version="1.0" encoding="UTF-8"?>
<!-- Generated by org.testng.reporters.JUnitReportReporter -->
<testsuite hostname="INBOOK_Y1_PLUS" failures="0" tests="2" name="com.sampleProject.Qa.TestCases.Parameters_TestNG" time="44.699" errors="0" timestamp="2023-12-23T08:11:24 IST" skipped="0">
  <testcase classname="com.sampleProject.Qa.TestCases.Parameters_TestNG" name="test01" time="21.202"/>
  <testcase classname="com.sampleProject.Qa.TestCases.Parameters_TestNG" name="test01" time="23.497"/>
</testsuite> <!-- com.sampleProject.Qa.TestCases.Parameters_TestNG -->
