<?xml version="1.0" encoding="UTF-8"?>
<!-- Generated by org.testng.reporters.JUnitReportReporter -->
<testsuite hostname="INBOOK_Y1_PLUS" failures="0" tests="1" name="com.sampleProject.Qa.TestCases.ScrollingAction" time="39.280" errors="0" timestamp="2023-12-22T06:22:22 IST" skipped="0">
  <testcase classname="com.sampleProject.Qa.TestCases.ScrollingAction" name="loginTest" time="39.280"/>
</testsuite> <!-- com.sampleProject.Qa.TestCases.ScrollingAction -->
